<?xml version="1.0" encoding="UTF-8"?>
<!-- Generated by org.testng.reporters.JUnitXMLReporter -->
<testsuite ignored="0" hostname="SRI" failures="0" tests="1" name="Test-Runner-1" time="34.136" errors="0" timestamp="2024-01-09T20:32:25 IST">
  <testcase classname="contactsTests.CreateContactTest" name="createContact" time="17.835"/>
</testsuite> <!-- Test-Runner-1 -->
