<?xml version="1.0" encoding="UTF-8"?>
<!-- Generated by org.testng.reporters.JUnitXMLReporter -->
<testsuite ignored="0" hostname="SRI" failures="0" tests="1" name="Test-Runner-Chrome" time="2.879" errors="0" timestamp="2024-01-09T18:22:25 IST">
  <testcase classname="contactsTests.CreateContactTest" name="createContact" time="0.0">
    <skipped/>
  </testcase> <!-- createContact -->
</testsuite> <!-- Test-Runner-Chrome -->
