<?xml version="1.0" encoding="UTF-8"?>
<!-- Generated by org.testng.reporters.JUnitXMLReporter -->
<testsuite ignored="0" hostname="SRI" failures="1" tests="2" name="Test-Runner-Edge" time="53.615" errors="0" timestamp="2024-01-19T21:41:53 IST">
  <testcase classname="contactsTests.CreateContactTest" name="createContact" time="23.905"/>
  <testcase classname="contactsTests.CreateContactTest" name="demoTest" time="0.011">
    <failure type="java.lang.AssertionError" message="null">
      <![CDATA[java.lang.AssertionError: null
at contactsTests.CreateContactTest.demoTest(CreateContactTest.java:62)
at java.base/java.util.ArrayList.forEach(ArrayList.java:1511)
at java.base/java.util.concurrent.FutureTask.run(FutureTask.java:317)
at java.base/java.util.concurrent.ThreadPoolExecutor.runWorker(ThreadPoolExecutor.java:1144)
at java.base/java.util.concurrent.ThreadPoolExecutor$Worker.run(ThreadPoolExecutor.java:642)
at java.base/java.lang.Thread.run(Thread.java:1589)
... Removed 17 stack frames]]>
    </failure>
  </testcase> <!-- demoTest -->
</testsuite> <!-- Test-Runner-Edge -->
