<?xml version="1.0" encoding="UTF-8"?>
<!-- Generated by org.testng.reporters.JUnitXMLReporter -->
<testsuite ignored="0" hostname="SRI" failures="0" tests="1" name="Test-Runner-2" time="33.478" errors="0" timestamp="2024-01-09T20:32:25 IST">
  <testcase classname="contactsTests.createContactWithLeadSource" name="createContactWithLead" time="18.208"/>
</testsuite> <!-- Test-Runner-2 -->
