<?xml version="1.0" encoding="UTF-8"?>
<!-- Generated by org.testng.reporters.JUnitReportReporter -->
<testsuite hostname="SRI" failures="0" tests="1" name="contactsTests.createContactWithLeadSource" time="20.332" errors="0" timestamp="2024-01-29T19:15:20 IST" skipped="0">
  <testcase classname="contactsTests.createContactWithLeadSource" name="createContactWithLead" time="20.332"/>
</testsuite> <!-- contactsTests.createContactWithLeadSource -->
