<?xml version="1.0" encoding="UTF-8"?>
<!-- Generated by org.testng.reporters.JUnitReportReporter -->
<testsuite hostname="SRI" failures="0" tests="1" name="contactsTests.createContactWithLeadSource" time="25.853" errors="0" timestamp="2024-01-09T20:32:26 IST" skipped="0">
  <testcase classname="contactsTests.createContactWithLeadSource" name="createContactWithLead" time="25.853"/>
</testsuite> <!-- contactsTests.createContactWithLeadSource -->
