<?xml version="1.0" encoding="UTF-8"?>
<!-- Generated by org.testng.reporters.JUnitReportReporter -->
<testsuite hostname="SRI" failures="0" tests="1" name="practice.RetryAnalyserPractice" time="0.013" errors="0" timestamp="2024-01-17T11:16:01 IST" skipped="0">
  <testcase classname="practice.RetryAnalyserPractice" name="sample" time="0.013"/>
</testsuite> <!-- practice.RetryAnalyserPractice -->
