<?xml version="1.0" encoding="UTF-8"?>
<!-- Generated by org.testng.reporters.JUnitReportReporter -->
<testsuite hostname="SRI" failures="0" tests="1" name="contactsTests.CreateContactTest" time="22.581" errors="0" timestamp="2024-01-28T23:33:00 IST" skipped="0">
  <testcase classname="contactsTests.CreateContactTest" name="createContactWithMandatoryInfo" time="22.581"/>
</testsuite> <!-- contactsTests.CreateContactTest -->
