<?xml version="1.0" encoding="UTF-8"?>
<!-- Generated by org.testng.reporters.JUnitReportReporter -->
<testsuite hostname="SRI" failures="0" tests="3" name="practice.TestNGPractice" time="0.020" errors="0" timestamp="2024-01-03T14:46:28 IST" skipped="0">
  <testcase classname="practice.TestNGPractice" name="createCustomer" time="0.012"/>
  <testcase classname="practice.TestNGPractice" name="deleteCustomer" time="0.004"/>
  <testcase classname="practice.TestNGPractice" name="modifyCustomer" time="0.004"/>
</testsuite> <!-- practice.TestNGPractice -->
